app/build/intermediates/manifest_merge_blame_file/debug/manifest-merger-blame-debug-report.txt
1<?xml version="1.0" encoding="utf-8"?>
2<manifest xmlns:android="http://schemas.android.com/apk/res/android"
3    package="com.example.analyticsexamplec"
4    android:versionCode="1"
5    android:versionName="1.0" >
6
7    <uses-sdk
8        android:minSdkVersion="16"
8-->src\main\AndroidManifest.xml
9        android:targetSdkVersion="29" />
9-->src\main\AndroidManifest.xml
10
11    <uses-permission android:name="android.permission.INTERNET" />
11-->src\main\AndroidManifest.xml:5:5-66
11-->src\main\AndroidManifest.xml:5:22-64
12    <uses-permission android:name="android.permission.ACCESS_NETWORK_STATE" />
12-->src\main\AndroidManifest.xml:6:5-78
12-->src\main\AndroidManifest.xml:6:22-76
13
14    <!-- Optional permission for Analytics to run. -->
15    <uses-permission android:name="android.permission.WAKE_LOCK" />
15-->[com.google.android.gms:play-services-analytics:17.0.0] AndroidManifest.xml:27:5-68
15-->[com.google.android.gms:play-services-analytics:17.0.0] AndroidManifest.xml:27:22-65
16    <uses-permission android:name="com.google.android.finsky.permission.BIND_GET_INSTALL_REFERRER_SERVICE" /> <!-- Required by older versions of Google Play services to create IID tokens -->
16-->[com.google.android.gms:play-services-measurement:17.0.1] AndroidManifest.xml:26:5-110
16-->[com.google.android.gms:play-services-measurement:17.0.1] AndroidManifest.xml:26:22-107
17    <uses-permission android:name="com.google.android.c2dm.permission.RECEIVE" />
17-->[com.google.firebase:firebase-iid:19.0.0] AndroidManifest.xml:26:5-82
17-->[com.google.firebase:firebase-iid:19.0.0] AndroidManifest.xml:26:22-79
18
19    <application
19-->src\main\AndroidManifest.xml:8:5-22:19
20        android:allowBackup="true"
20-->src\main\AndroidManifest.xml:9:9-35
21        android:appComponentFactory="androidx.core.app.CoreComponentFactory"
21-->[androidx.core:core:1.1.0] AndroidManifest.xml:24:18-86
22        android:debuggable="true"
23        android:icon="@mipmap/ic_launcher"
23-->src\main\AndroidManifest.xml:10:9-43
24        android:label="@string/app_name"
24-->src\main\AndroidManifest.xml:11:9-41
25        android:roundIcon="@mipmap/ic_launcher_round"
25-->src\main\AndroidManifest.xml:12:9-54
26        android:supportsRtl="true"
26-->src\main\AndroidManifest.xml:13:9-35
27        android:testOnly="true"
28        android:theme="@style/AppTheme" >
28-->src\main\AndroidManifest.xml:14:9-40
29        <activity android:name="com.example.analyticsexamplec.MainActivity" >
29-->src\main\AndroidManifest.xml:15:9-21:20
29-->src\main\AndroidManifest.xml:15:19-47
30            <intent-filter>
30-->src\main\AndroidManifest.xml:16:13-20:29
31                <action android:name="android.intent.action.MAIN" />
31-->src\main\AndroidManifest.xml:17:17-69
31-->src\main\AndroidManifest.xml:17:25-66
32
33                <category android:name="android.intent.category.LAUNCHER" />
33-->src\main\AndroidManifest.xml:19:17-77
33-->src\main\AndroidManifest.xml:19:27-74
34            </intent-filter>
35        </activity>
36
37        <receiver
37-->[com.google.android.gms:play-services-analytics:17.0.0] AndroidManifest.xml:30:9-34:20
38            android:name="com.google.android.gms.analytics.AnalyticsReceiver"
38-->[com.google.android.gms:play-services-analytics:17.0.0] AndroidManifest.xml:31:13-78
39            android:enabled="true"
39-->[com.google.android.gms:play-services-analytics:17.0.0] AndroidManifest.xml:32:13-35
40            android:exported="false" >
40-->[com.google.android.gms:play-services-analytics:17.0.0] AndroidManifest.xml:33:13-37
41        </receiver>
42
43        <service
43-->[com.google.android.gms:play-services-analytics:17.0.0] AndroidManifest.xml:36:9-39:40
44            android:name="com.google.android.gms.analytics.AnalyticsService"
44-->[com.google.android.gms:play-services-analytics:17.0.0] AndroidManifest.xml:37:13-77
45            android:enabled="true"
45-->[com.google.android.gms:play-services-analytics:17.0.0] AndroidManifest.xml:38:13-35
46            android:exported="false" />
46-->[com.google.android.gms:play-services-analytics:17.0.0] AndroidManifest.xml:39:13-37
47        <service
47-->[com.google.android.gms:play-services-analytics:17.0.0] AndroidManifest.xml:40:9-44:72
48            android:name="com.google.android.gms.analytics.AnalyticsJobService"
48-->[com.google.android.gms:play-services-analytics:17.0.0] AndroidManifest.xml:41:13-80
49            android:enabled="true"
49-->[com.google.android.gms:play-services-analytics:17.0.0] AndroidManifest.xml:42:13-35
50            android:exported="false"
50-->[com.google.android.gms:play-services-analytics:17.0.0] AndroidManifest.xml:43:13-37
51            android:permission="android.permission.BIND_JOB_SERVICE" />
51-->[com.google.android.gms:play-services-analytics:17.0.0] AndroidManifest.xml:44:13-69
52
53        <receiver
53-->[com.google.android.gms:play-services-measurement:17.0.1] AndroidManifest.xml:29:9-33:20
54            android:name="com.google.android.gms.measurement.AppMeasurementReceiver"
54-->[com.google.android.gms:play-services-measurement:17.0.1] AndroidManifest.xml:30:13-85
55            android:enabled="true"
55-->[com.google.android.gms:play-services-measurement:17.0.1] AndroidManifest.xml:31:13-35
56            android:exported="false" >
56-->[com.google.android.gms:play-services-measurement:17.0.1] AndroidManifest.xml:32:13-37
57        </receiver>
58        <receiver
58-->[com.google.android.gms:play-services-measurement:17.0.1] AndroidManifest.xml:34:9-42:20
59            android:name="com.google.android.gms.measurement.AppMeasurementInstallReferrerReceiver"
59-->[com.google.android.gms:play-services-measurement:17.0.1] AndroidManifest.xml:35:13-100
60            android:enabled="true"
60-->[com.google.android.gms:play-services-measurement:17.0.1] AndroidManifest.xml:36:13-35
61            android:exported="true"
61-->[com.google.android.gms:play-services-measurement:17.0.1] AndroidManifest.xml:37:13-36
62            android:permission="android.permission.INSTALL_PACKAGES" >
62-->[com.google.android.gms:play-services-measurement:17.0.1] AndroidManifest.xml:38:13-69
63            <intent-filter>
63-->[com.google.android.gms:play-services-measurement:17.0.1] AndroidManifest.xml:39:13-41:29
64                <action android:name="com.android.vending.INSTALL_REFERRER" />
64-->[com.google.android.gms:play-services-measurement:17.0.1] AndroidManifest.xml:40:17-79
64-->[com.google.android.gms:play-services-measurement:17.0.1] AndroidManifest.xml:40:25-76
65            </intent-filter>
66        </receiver>
67
68        <service
68-->[com.google.android.gms:play-services-measurement:17.0.1] AndroidManifest.xml:44:9-47:40
69            android:name="com.google.android.gms.measurement.AppMeasurementService"
69-->[com.google.android.gms:play-services-measurement:17.0.1] AndroidManifest.xml:45:13-84
70            android:enabled="true"
70-->[com.google.android.gms:play-services-measurement:17.0.1] AndroidManifest.xml:46:13-35
71            android:exported="false" />
71-->[com.google.android.gms:play-services-measurement:17.0.1] AndroidManifest.xml:47:13-37
72        <service
72-->[com.google.android.gms:play-services-measurement:17.0.1] AndroidManifest.xml:48:9-52:72
73            android:name="com.google.android.gms.measurement.AppMeasurementJobService"
73-->[com.google.android.gms:play-services-measurement:17.0.1] AndroidManifest.xml:49:13-87
74            android:enabled="true"
74-->[com.google.android.gms:play-services-measurement:17.0.1] AndroidManifest.xml:50:13-35
75            android:exported="false"
75-->[com.google.android.gms:play-services-measurement:17.0.1] AndroidManifest.xml:51:13-37
76            android:permission="android.permission.BIND_JOB_SERVICE" />
76-->[com.google.android.gms:play-services-measurement:17.0.1] AndroidManifest.xml:52:13-69
77        <service
77-->[com.google.android.gms:play-services-measurement-api:17.0.1] AndroidManifest.xml:27:9-33:19
78            android:name="com.google.firebase.components.ComponentDiscoveryService"
78-->[com.google.android.gms:play-services-measurement-api:17.0.1] AndroidManifest.xml:28:13-84
79            android:exported="false" >
79-->[com.google.android.gms:play-services-measurement-api:17.0.1] AndroidManifest.xml:29:13-37
80            <meta-data
80-->[com.google.android.gms:play-services-measurement-api:17.0.1] AndroidManifest.xml:30:13-32:85
81                android:name="com.google.firebase.components:com.google.firebase.analytics.connector.internal.AnalyticsConnectorRegistrar"
81-->[com.google.android.gms:play-services-measurement-api:17.0.1] AndroidManifest.xml:31:17-139
82                android:value="com.google.firebase.components.ComponentRegistrar" />
82-->[com.google.android.gms:play-services-measurement-api:17.0.1] AndroidManifest.xml:32:17-82
83            <meta-data
83-->[com.google.firebase:firebase-iid:19.0.0] AndroidManifest.xml:32:13-34:85
84                android:name="com.google.firebase.components:com.google.firebase.iid.Registrar"
84-->[com.google.firebase:firebase-iid:19.0.0] AndroidManifest.xml:33:17-96
85                android:value="com.google.firebase.components.ComponentRegistrar" />
85-->[com.google.firebase:firebase-iid:19.0.0] AndroidManifest.xml:34:17-82
86        </service>
87
88        <receiver
88-->[com.google.firebase:firebase-iid:19.0.0] AndroidManifest.xml:37:9-44:20
89            android:name="com.google.firebase.iid.FirebaseInstanceIdReceiver"
89-->[com.google.firebase:firebase-iid:19.0.0] AndroidManifest.xml:38:13-78
90            android:exported="true"
90-->[com.google.firebase:firebase-iid:19.0.0] AndroidManifest.xml:39:13-36
91            android:permission="com.google.android.c2dm.permission.SEND" >
91-->[com.google.firebase:firebase-iid:19.0.0] AndroidManifest.xml:40:13-73
92            <intent-filter>
92-->[com.google.firebase:firebase-iid:19.0.0] AndroidManifest.xml:41:13-43:29
93                <action android:name="com.google.android.c2dm.intent.RECEIVE" />
93-->[com.google.firebase:firebase-iid:19.0.0] AndroidManifest.xml:42:17-81
93-->[com.google.firebase:firebase-iid:19.0.0] AndroidManifest.xml:42:25-78
94            </intent-filter>
95        </receiver>
96
97        <activity
97-->[com.google.android.gms:play-services-base:17.0.0] AndroidManifest.xml:23:9-26:75
98            android:name="com.google.android.gms.common.api.GoogleApiActivity"
98-->[com.google.android.gms:play-services-base:17.0.0] AndroidManifest.xml:24:13-79
99            android:exported="false"
99-->[com.google.android.gms:play-services-base:17.0.0] AndroidManifest.xml:25:13-37
100            android:theme="@android:style/Theme.Translucent.NoTitleBar" />
100-->[com.google.android.gms:play-services-base:17.0.0] AndroidManifest.xml:26:13-72
101
102        <provider
102-->[com.google.firebase:firebase-common:18.0.0] AndroidManifest.xml:12:9-16:39
103            android:name="com.google.firebase.provider.FirebaseInitProvider"
103-->[com.google.firebase:firebase-common:18.0.0] AndroidManifest.xml:13:13-77
104            android:authorities="com.example.analyticsexamplec.firebaseinitprovider"
104-->[com.google.firebase:firebase-common:18.0.0] AndroidManifest.xml:14:13-72
105            android:exported="false"
105-->[com.google.firebase:firebase-common:18.0.0] AndroidManifest.xml:15:13-37
106            android:initOrder="100" />
106-->[com.google.firebase:firebase-common:18.0.0] AndroidManifest.xml:16:13-36
107
108        <meta-data
108-->[com.google.android.gms:play-services-basement:17.0.0] AndroidManifest.xml:23:9-25:69
109            android:name="com.google.android.gms.version"
109-->[com.google.android.gms:play-services-basement:17.0.0] AndroidManifest.xml:24:13-58
110            android:value="@integer/google_play_services_version" />
110-->[com.google.android.gms:play-services-basement:17.0.0] AndroidManifest.xml:25:13-66
111    </application>
112
113</manifest>